<?xml version="1.0" encoding="utf-8"?><testsuites name="pytest tests"><testsuite name="pytest" errors="0" failures="1" skipped="0" tests="12" time="39.009" timestamp="2026-08-10T12:50:30.744434+00:00" hostname="agent-env-2ef57fd1-860a-48be-8469-9c2b38271f21"><testcase classname="backend.tests.test_adam_leads.TestDiscover" name="test_discover_first_turn_more_leads" time="9.237" /><testcase classname="backend.tests.test_adam_leads.TestDiscover" name="test_discover_two_turns_persist_and_extract" time="10.498" /><testcase classname="backend.tests.test_adam_leads.TestLeadUpsert" name="test_upsert_merges_and_qualifies" time="0.439" /><testcase classname="backend.tests.test_adam_leads.TestLeadUpsert" name="test_get_lead_404" time="0.047" /><testcase classname="backend.tests.test_adam_leads.TestSummary" name="test_summary_business_only" time="8.697" /><testcase classname="backend.tests.test_adam_leads.TestSummary" name="test_summary_with_site_context" time="7.869" /><testcase classname="backend.tests.test_adam_leads.TestHandover" name="test_handover_marks_lead_and_mirrors_contact" time="1.482" /><testcase classname="backend.tests.test_adam_leads.TestRegression" name="test_roadmap_still_works" time="0.042"><failure message="AssertionError: {&quot;detail&quot;:[{&quot;type&quot;:&quot;missing&quot;,&quot;loc&quot;:[&quot;body&quot;,&quot;goal&quot;],&quot;msg&quot;:&quot;Field required&quot;,&quot;input&quot;:{&quot;session_id&quot;:&quot;reg_60292d62&quot;,&quot;mode&quot;:&quot;growth&quot;,&quot;site_context&quot;:&quot;Furniture showroom in Pune wants more walk-ins and online leads.&quot;},&quot;url&quot;:&quot;https://errors.pydantic.dev/2.13/v/missing&quot;}]}&#10;assert 422 == 200&#10; +  where 422 = &lt;Response [422]&gt;.status_code">backend/tests/test_adam_leads.py:257: in test_roadmap_still_works
    assert r.status_code == 200, r.text
E   AssertionError: {"detail":[{"type":"missing","loc":["body","goal"],"msg":"Field required","input":{"session_id":"reg_60292d62","mode":"growth","site_context":"Furniture showroom in Pune wants more walk-ins and online leads."},"url":"https://errors.pydantic.dev/2.13/v/missing"}]}
E   assert 422 == 200
E    +  where 422 = &lt;Response [422]&gt;.status_code</failure></testcase><testcase classname="backend.tests.test_adam_leads.TestRegression" name="test_status" time="0.041" /><testcase classname="backend.tests.test_adam_leads.TestRegression" name="test_scrape" time="0.142" /><testcase classname="backend.tests.test_adam_leads.TestRegression" name="test_blogs_public" time="0.047" /><testcase classname="backend.tests.test_adam_leads.TestRegression" name="test_contact_regression" time="0.385" /></testsuite></testsuites>