<?xml version="1.0" encoding="utf-8"?><testsuites name="pytest tests"><testsuite name="pytest" errors="0" failures="0" skipped="0" tests="18" time="37.603" timestamp="2026-08-06T15:20:09.405433+00:00" hostname="agent-env-2ef57fd1-860a-48be-8469-9c2b38271f21"><testcase classname="backend.tests.test_admin_and_adam.TestBlogsPublic" name="test_list_blogs_seeded" time="0.271" /><testcase classname="backend.tests.test_admin_and_adam.TestBlogsPublic" name="test_get_blog_increments_views" time="0.217" /><testcase classname="backend.tests.test_admin_and_adam.TestAuth" name="test_me_unauthenticated_401" time="0.282" /><testcase classname="backend.tests.test_admin_and_adam.TestAuth" name="test_me_with_valid_bearer" time="0.727" /><testcase classname="backend.tests.test_admin_and_adam.TestAuth" name="test_session_exchange_garbage_returns_401" time="0.182" /><testcase classname="backend.tests.test_admin_and_adam.TestAuth" name="test_logout_deletes_session" time="1.012" /><testcase classname="backend.tests.test_admin_and_adam.TestAdminAuthGuards" name="test_unauth_create_401" time="0.131" /><testcase classname="backend.tests.test_admin_and_adam.TestAdminAuthGuards" name="test_unauth_patch_401" time="0.124" /><testcase classname="backend.tests.test_admin_and_adam.TestAdminAuthGuards" name="test_unauth_delete_401" time="0.204" /><testcase classname="backend.tests.test_admin_and_adam.TestAdminAuthGuards" name="test_unauth_analytics_401" time="0.124" /><testcase classname="backend.tests.test_admin_and_adam.TestAdminAuthGuards" name="test_nonadmin_email_403" time="0.420" /><testcase classname="backend.tests.test_admin_and_adam.TestAdminBlogCRUD" name="test_full_crud_flow" time="1.364" /><testcase classname="backend.tests.test_admin_and_adam.TestAdam" name="test_status" time="0.107" /><testcase classname="backend.tests.test_admin_and_adam.TestAdam" name="test_scrape_valid" time="0.193" /><testcase classname="backend.tests.test_admin_and_adam.TestAdam" name="test_scrape_invalid_url" time="0.068" /><testcase classname="backend.tests.test_admin_and_adam.TestAdam" name="test_roadmap" time="29.732" /><testcase classname="backend.tests.test_admin_and_adam.TestAdam" name="test_chat_sse" time="1.674" /><testcase classname="backend.tests.test_admin_and_adam.TestContactRegression" name="test_contact_with_adam_source" time="0.686" /></testsuite></testsuites>