<?xml version="1.0" encoding="utf-8"?><testsuites name="pytest tests"><testsuite name="pytest" errors="0" failures="0" skipped="0" tests="17" time="7.947" timestamp="2026-08-10T13:20:20.263681+00:00" hostname="agent-env-2ef57fd1-860a-48be-8469-9c2b38271f21"><testcase classname="test_password_auth_and_leads.TestPasswordLogin" name="test_login_success_sets_cookie_and_me_works" time="0.560" /><testcase classname="test_password_auth_and_leads.TestPasswordLogin" name="test_login_wrong_password_401" time="0.328" /><testcase classname="test_password_auth_and_leads.TestPasswordLogin" name="test_login_unknown_email_same_401" time="0.118" /><testcase classname="test_password_auth_and_leads.TestPasswordLogin" name="test_login_non_allowlisted_same_401" time="0.320" /><testcase classname="test_password_auth_and_leads.TestPasswordLogin" name="test_admin_seed_idempotent_bcrypt_hash" time="0.001" /><testcase classname="test_password_auth_and_leads.TestPasswordLogin" name="test_logout_clears_session" time="0.522" /><testcase classname="test_password_auth_and_leads.TestBruteForce" name="test_5_fails_then_429_and_success_clears" time="1.991" /><testcase classname="test_password_auth_and_leads.TestBruteForce" name="test_success_before_lockout_clears_counter" time="2.759" /><testcase classname="test_password_auth_and_leads.TestLeadByEmail" name="test_by_email_found" time="0.142" /><testcase classname="test_password_auth_and_leads.TestLeadByEmail" name="test_by_email_case_insensitive" time="0.158" /><testcase classname="test_password_auth_and_leads.TestLeadByEmail" name="test_by_email_unknown_404" time="0.104" /><testcase classname="test_password_auth_and_leads.TestLeadByEmail" name="test_by_email_malformed_400" time="0.114" /><testcase classname="test_password_auth_and_leads.TestRegression" name="test_blogs_list" time="0.121" /><testcase classname="test_password_auth_and_leads.TestRegression" name="test_status_endpoint" time="0.096" /><testcase classname="test_password_auth_and_leads.TestRegression" name="test_root" time="0.129" /><testcase classname="test_password_auth_and_leads.TestRegression" name="test_auth_me_unauthenticated_401" time="0.096" /><testcase classname="test_password_auth_and_leads.TestRegression" name="test_adam_lead_upsert_and_get" time="0.236" /></testsuite></testsuites>